<?xml version="1.0" encoding="UTF-8"?>
<!-- Generated by org.testng.reporters.JUnitReportReporter -->
<testsuite hostname="DESKTOP-CMJCERN" failures="0" tests="1" name="tests.AddNewPet" time="0.733" errors="0" timestamp="2024-07-17T21:52:19 EET" skipped="0">
  <testcase classname="tests.AddNewPet" name="testAddNewPet" time="0.733"/>
  <system-out/>
</testsuite> <!-- tests.AddNewPet -->
