<?xml version="1.0" encoding="UTF-8"?>
<!-- Generated by org.testng.reporters.JUnitReportReporter -->
<testsuite hostname="DESKTOP-CMJCERN" failures="0" tests="1" name="tests.GetRandomPet" time="2.275" errors="0" timestamp="2024-07-17T21:52:19 EET" skipped="0">
  <testcase classname="tests.GetRandomPet" name="testGetPetById" time="2.275"/>
  <system-out/>
</testsuite> <!-- tests.GetRandomPet -->
